1 1 1 2 2 2 3 3 3 4 4 4 5 5 5 81 82
6 6 6 7 7 7 8 8 8 9 9 9 10 10 10 81 82
11 11 11 12 12 12 13 13 13 14 14 14 15 15 15 81 82
16 16 16 17 17 17 18 18 18 19 19 19 20 20 20 83 84
21 21 21 22 22 22 23 23 23 24 24 24 25 25 25 83 84
26 26 26 27 27 27 28 28 28 29 29 29 30 30 30 83 84
31 31 31 32 32 32 33 33 33 34 34 34 35 35 35 85 86
36 36 36 37 37 37 38 38 38 39 39 39 40 40 40 85 86
41 41 41 42 42 42 43 43 43 44 44 44 45 45 45 85 86
46 46 46 47 47 47 48 48 48 49 49 49 50 50 50 87 88
51 51 51 52 52 52 53 53 53 54 54 54 55 55 55 87 88
56 56 56 57 57 57 58 58 58 59 59 59 60 60 60 87 88
61 61 61 62 62 62 63 63 63 64 64 64 65 65 65 89 90
66 66 66 67 67 67 68 68 68 69 69 69 70 70 70 89 90
71 71 71 72 72 72 73 73 73 74 74 74 75 75 75 89 90
76 76 76 77 77 77 78 78 78 79 79 79 80 80 80 0 0

1 1 1 2 2 2 9
3 3 3 4 4 4 9
5 5 5 6 6 6 9
7 7 7 8 8 8 0

1 1 1 2 2 2 3 3 3 4 4 4 25
5 5 5 6 6 6 7 7 7 8 8 8 25
9 9 9 10 10 10 11 11 11 12 12 12 25
13 13 13 14 14 14 15 15 15 16 16 16 26
17 17 17 18 18 18 19 19 19 20 20 20 26
21 21 21 22 22 22 23 23 23 24 24 24 26

1 1 1 2 2 2
3 3 3 4 4 4
5 5 5 6 6 6
7 7 7 8 8 8
9 9 9 10 10 10
11 11 11 12 12 12
13 13 13 14 14 14
15 15 15 16 16 16
17 17 17 18 18 18
19 19 19 20 20 20
21 21 21 22 22 22
23 23 23 24 24 24
25 25 25 26 26 26
27 27 27 28 28 28
29 29 29 30 30 30
31 31 31 32 32 32
33 33 33 34 34 34
35 35 35 36 36 36

1 1 1 2 2 2 3 3 3 4 4 4 5 5 5 41
6 6 6 7 7 7 8 8 8 9 9 9 10 10 10 41
11 11 11 12 12 12 13 13 13 14 14 14 15 15 15 41
16 16 16 17 17 17 18 18 18 19 19 19 20 20 20 42
21 21 21 22 22 22 23 23 23 24 24 24 25 25 25 42
26 26 26 27 27 27 28 28 28 29 29 29 30 30 30 42
31 31 31 32 32 32 33 33 33 34 34 34 35 35 35 0
36 36 36 37 37 37 38 38 38 39 39 39 40 40 40 0

1 1 1 17 18
2 2 2 17 18
3 3 3 17 18
4 4 4 19 20
5 5 5 19 20
6 6 6 19 20
7 7 7 21 22
8 8 8 21 22
9 9 9 21 22
10 10 10 23 24
11 11 11 23 24
12 12 12 23 24
13 13 13 25 26
14 14 14 25 26
15 15 15 25 26
16 16 16 0 0

1 1 1 2 2 2 3 3 3 4 4 4 5 5 5 76 77
6 6 6 7 7 7 8 8 8 9 9 9 10 10 10 76 77
11 11 11 12 12 12 13 13 13 14 14 14 15 15 15 76 77
16 16 16 17 17 17 18 18 18 19 19 19 20 20 20 78 79
21 21 21 22 22 22 23 23 23 24 24 24 25 25 25 78 79
26 26 26 27 27 27 28 28 28 29 29 29 30 30 30 78 79
31 31 31 32 32 32 33 33 33 34 34 34 35 35 35 80 81
36 36 36 37 37 37 38 38 38 39 39 39 40 40 40 80 81
41 41 41 42 42 42 43 43 43 44 44 44 45 45 45 80 81
46 46 46 47 47 47 48 48 48 49 49 49 50 50 50 82 83
51 51 51 52 52 52 53 53 53 54 54 54 55 55 55 82 83
56 56 56 57 57 57 58 58 58 59 59 59 60 60 60 82 83
61 61 61 62 62 62 63 63 63 64 64 64 65 65 65 84 85
66 66 66 67 67 67 68 68 68 69 69 69 70 70 70 84 85
71 71 71 72 72 72 73 73 73 74 74 74 75 75 75 84 85

1 1 1 2 2 2 3 3 3 49 50
4 4 4 5 5 5 6 6 6 49 50
7 7 7 8 8 8 9 9 9 49 50
10 10 10 11 11 11 12 12 12 51 52
13 13 13 14 14 14 15 15 15 51 52
16 16 16 17 17 17 18 18 18 51 52
19 19 19 20 20 20 21 21 21 53 54
22 22 22 23 23 23 24 24 24 53 54
25 25 25 26 26 26 27 27 27 53 54
28 28 28 29 29 29 30 30 30 55 56
31 31 31 32 32 32 33 33 33 55 56
34 34 34 35 35 35 36 36 36 55 56
37 37 37 38 38 38 39 39 39 57 58
40 40 40 41 41 41 42 42 42 57 58
43 43 43 44 44 44 45 45 45 57 58
46 46 46 47 47 47 48 48 48 0 0

1 1 1 15
2 2 2 15
3 3 3 15
4 4 4 16
5 5 5 16
6 6 6 16
7 7 7 17
8 8 8 17
9 9 9 17
10 10 10 18
11 11 11 18
12 12 12 18
13 13 13 0
14 14 14 0

1 1 1 2 2 2 3 3 3 4 4 4 5 5 5 91 92
6 6 6 7 7 7 8 8 8 9 9 9 10 10 10 91 92
11 11 11 12 12 12 13 13 13 14 14 14 15 15 15 91 92
16 16 16 17 17 17 18 18 18 19 19 19 20 20 20 93 94
21 21 21 22 22 22 23 23 23 24 24 24 25 25 25 93 94
26 26 26 27 27 27 28 28 28 29 29 29 30 30 30 93 94
31 31 31 32 32 32 33 33 33 34 34 34 35 35 35 95 96
36 36 36 37 37 37 38 38 38 39 39 39 40 40 40 95 96
41 41 41 42 42 42 43 43 43 44 44 44 45 45 45 95 96
46 46 46 47 47 47 48 48 48 49 49 49 50 50 50 97 98
51 51 51 52 52 52 53 53 53 54 54 54 55 55 55 97 98
56 56 56 57 57 57 58 58 58 59 59 59 60 60 60 97 98
61 61 61 62 62 62 63 63 63 64 64 64 65 65 65 99 100
66 66 66 67 67 67 68 68 68 69 69 69 70 70 70 99 100
71 71 71 72 72 72 73 73 73 74 74 74 75 75 75 99 100
76 76 76 77 77 77 78 78 78 79 79 79 80 80 80 101 102
81 81 81 82 82 82 83 83 83 84 84 84 85 85 85 101 102
86 86 86 87 87 87 88 88 88 89 89 89 90 90 90 101 102

