1 1 1 2 2 2 3 3 3
4 4 4 5 5 5 6 6 6
7 7 7 8 8 8 9 9 9
10 10 10 11 11 11 12 12 12
13 13 13 14 14 14 15 15 15
16 16 16 17 17 17 18 18 18
19 19 19 20 20 20 21 21 21
22 22 22 23 23 23 24 24 24
25 25 25 26 26 26 27 27 27
28 28 28 29 29 29 30 30 30
31 31 31 32 32 32 33 33 33
34 34 34 35 35 35 36 36 36

1 1 1 2 2 2 3 3 3 4 4 4 49 50
5 5 5 6 6 6 7 7 7 8 8 8 49 50
9 9 9 10 10 10 11 11 11 12 12 12 49 50
13 13 13 14 14 14 15 15 15 16 16 16 51 52
17 17 17 18 18 18 19 19 19 20 20 20 51 52
21 21 21 22 22 22 23 23 23 24 24 24 51 52
25 25 25 26 26 26 27 27 27 28 28 28 53 54
29 29 29 30 30 30 31 31 31 32 32 32 53 54
33 33 33 34 34 34 35 35 35 36 36 36 53 54
37 37 37 38 38 38 39 39 39 40 40 40 55 56
41 41 41 42 42 42 43 43 43 44 44 44 55 56
45 45 45 46 46 46 47 47 47 48 48 48 55 56

1 1 1 14 15
2 2 2 14 15
3 3 3 14 15
4 4 4 16 17
5 5 5 16 17
6 6 6 16 17
7 7 7 18 19
8 8 8 18 19
9 9 9 18 19
10 10 10 20 21
11 11 11 20 21
12 12 12 20 21
13 13 13 0 0

1 1 1 2 2 2 3 3 3 22 23
4 4 4 5 5 5 6 6 6 22 23
7 7 7 8 8 8 9 9 9 22 23
10 10 10 11 11 11 12 12 12 24 25
13 13 13 14 14 14 15 15 15 24 25
16 16 16 17 17 17 18 18 18 24 25
19 19 19 20 20 20 21 21 21 0 0

1 1 1 16
2 2 2 16
3 3 3 16
4 4 4 17
5 5 5 17
6 6 6 17
7 7 7 18
8 8 8 18
9 9 9 18
10 10 10 19
11 11 11 19
12 12 12 19
13 13 13 20
14 14 14 20
15 15 15 20

1 1 1 2 2 2 3 3 3 25
4 4 4 5 5 5 6 6 6 25
7 7 7 8 8 8 9 9 9 25
10 10 10 11 11 11 12 12 12 26
13 13 13 14 14 14 15 15 15 26
16 16 16 17 17 17 18 18 18 26
19 19 19 20 20 20 21 21 21 0
22 22 22 23 23 23 24 24 24 0

1 1 1 2 2 2 3 3 3 31 32
4 4 4 5 5 5 6 6 6 31 32
7 7 7 8 8 8 9 9 9 31 32
10 10 10 11 11 11 12 12 12 33 34
13 13 13 14 14 14 15 15 15 33 34
16 16 16 17 17 17 18 18 18 33 34
19 19 19 20 20 20 21 21 21 35 36
22 22 22 23 23 23 24 24 24 35 36
25 25 25 26 26 26 27 27 27 35 36
28 28 28 29 29 29 30 30 30 0 0

1 1 1 2 2 2 3 3 3 37
4 4 4 5 5 5 6 6 6 37
7 7 7 8 8 8 9 9 9 37
10 10 10 11 11 11 12 12 12 38
13 13 13 14 14 14 15 15 15 38
16 16 16 17 17 17 18 18 18 38
19 19 19 20 20 20 21 21 21 39
22 22 22 23 23 23 24 24 24 39
25 25 25 26 26 26 27 27 27 39
28 28 28 29 29 29 30 30 30 40
31 31 31 32 32 32 33 33 33 40
34 34 34 35 35 35 36 36 36 40

1 1 1 2 2 2 3 3 3 4 4 4 53
5 5 5 6 6 6 7 7 7 8 8 8 53
9 9 9 10 10 10 11 11 11 12 12 12 53
13 13 13 14 14 14 15 15 15 16 16 16 54
17 17 17 18 18 18 19 19 19 20 20 20 54
21 21 21 22 22 22 23 23 23 24 24 24 54
25 25 25 26 26 26 27 27 27 28 28 28 55
29 29 29 30 30 30 31 31 31 32 32 32 55
33 33 33 34 34 34 35 35 35 36 36 36 55
37 37 37 38 38 38 39 39 39 40 40 40 56
41 41 41 42 42 42 43 43 43 44 44 44 56
45 45 45 46 46 46 47 47 47 48 48 48 56
49 49 49 50 50 50 51 51 51 52 52 52 0

1 1 1 2 2 2
3 3 3 4 4 4
5 5 5 6 6 6
7 7 7 8 8 8
9 9 9 10 10 10
11 11 11 12 12 12
13 13 13 14 14 14
15 15 15 16 16 16
17 17 17 18 18 18
19 19 19 20 20 20
21 21 21 22 22 22
23 23 23 24 24 24
25 25 25 26 26 26
27 27 27 28 28 28
29 29 29 30 30 30
31 31 31 32 32 32
33 33 33 34 34 34
35 35 35 36 36 36

